2024-11-14 22:07:37,795 - __main__ - INFO - Step 1: Data Ingestion
2024-11-14 22:07:37,796 - src.data_ingestion.fetch_data - INFO - Fetching historical data for tickers: ['MMM', 'AOS', 'ABT', 'ABBV', 'ACN', 'ADBE', 'AMD', 'AES', 'AFL', 'A', 'APD', 'ABNB', 'AKAM', 'ALB', 'ARE', 'ALGN', 'ALLE', 'LNT', 'ALL', 'GOOGL', 'GOOG', 'MO', 'AMZN', 'AMCR', 'AMTM', 'AEE', 'AEP', 'AXP', 'AIG', 'AMT', 'AWK', 'AMP', 'AME', 'AMGN', 'APH', 'ADI', 'ANSS', 'AON', 'APA', 'AAPL', 'AMAT', 'APTV', 'ACGL', 'ADM', 'ANET', 'AJG', 'AIZ', 'T', 'ATO', 'ADSK', 'ADP', 'AZO', 'AVB', 'AVY', 'AXON', 'BKR', 'BALL', 'BAC', 'BAX', 'BDX', 'BRK.B', 'BBY', 'TECH', 'BIIB', 'BLK', 'BX', 'BK', 'BA', 'BKNG', 'BWA', 'BSX', 'BMY', 'AVGO', 'BR', 'BRO', 'BF.B', 'BLDR', 'BG', 'BXP', 'CHRW', 'CDNS', 'CZR', 'CPT', 'CPB', 'COF', 'CAH', 'KMX', 'CCL', 'CARR', 'CTLT', 'CAT', 'CBOE', 'CBRE', 'CDW', 'CE', 'COR', 'CNC', 'CNP', 'CF', 'CRL', 'SCHW', 'CHTR', 'CVX', 'CMG', 'CB', 'CHD', 'CI', 'CINF', 'CTAS', 'CSCO', 'C', 'CFG', 'CLX', 'CME', 'CMS', 'KO', 'CTSH', 'CL', 'CMCSA', 'CAG', 'COP', 'ED', 'STZ', 'CEG', 'COO', 'CPRT', 'GLW', 'CPAY', 'CTVA', 'CSGP', 'COST', 'CTRA', 'CRWD', 'CCI', 'CSX', 'CMI', 'CVS', 'DHR', 'DRI', 'DVA', 'DAY', 'DECK', 'DE', 'DELL', 'DAL', 'DVN', 'DXCM', 'FANG', 'DLR', 'DFS', 'DG', 'DLTR', 'D', 'DPZ', 'DOV', 'DOW', 'DHI', 'DTE', 'DUK', 'DD', 'EMN', 'ETN', 'EBAY', 'ECL', 'EIX', 'EW', 'EA', 'ELV', 'EMR', 'ENPH', 'ETR', 'EOG', 'EPAM', 'EQT', 'EFX', 'EQIX', 'EQR', 'ERIE', 'ESS', 'EL', 'EG', 'EVRG', 'ES', 'EXC', 'EXPE', 'EXPD', 'EXR', 'XOM', 'FFIV', 'FDS', 'FICO', 'FAST', 'FRT', 'FDX', 'FIS', 'FITB', 'FSLR', 'FE', 'FI', 'FMC', 'F', 'FTNT', 'FTV', 'FOXA', 'FOX', 'BEN', 'FCX', 'GRMN', 'IT', 'GE', 'GEHC', 'GEV', 'GEN', 'GNRC', 'GD', 'GIS', 'GM', 'GPC', 'GILD', 'GPN', 'GL', 'GDDY', 'GS', 'HAL', 'HIG', 'HAS', 'HCA', 'DOC', 'HSIC', 'HSY', 'HES', 'HPE', 'HLT', 'HOLX', 'HD', 'HON', 'HRL', 'HST', 'HWM', 'HPQ', 'HUBB', 'HUM', 'HBAN', 'HII', 'IBM', 'IEX', 'IDXX', 'ITW', 'INCY', 'IR', 'PODD', 'INTC', 'ICE', 'IFF', 'IP', 'IPG', 'INTU', 'ISRG', 'IVZ', 'INVH', 'IQV', 'IRM', 'JBHT', 'JBL', 'JKHY', 'J', 'JNJ', 'JCI', 'JPM', 'JNPR', 'K', 'KVUE', 'KDP', 'KEY', 'KEYS', 'KMB', 'KIM', 'KMI', 'KKR', 'KLAC', 'KHC', 'KR', 'LHX', 'LH', 'LRCX', 'LW', 'LVS', 'LDOS', 'LEN', 'LLY', 'LIN', 'LYV', 'LKQ', 'LMT', 'L', 'LOW', 'LULU', 'LYB', 'MTB', 'MRO', 'MPC', 'MKTX', 'MAR', 'MMC', 'MLM', 'MAS', 'MA', 'MTCH', 'MKC', 'MCD', 'MCK', 'MDT', 'MRK', 'META', 'MET', 'MTD', 'MGM', 'MCHP', 'MU', 'MSFT', 'MAA', 'MRNA', 'MHK', 'MOH', 'TAP', 'MDLZ', 'MPWR', 'MNST', 'MCO', 'MS', 'MOS', 'MSI', 'MSCI', 'NDAQ', 'NTAP', 'NFLX', 'NEM', 'NWSA', 'NWS', 'NEE', 'NKE', 'NI', 'NDSN', 'NSC', 'NTRS', 'NOC', 'NCLH', 'NRG', 'NUE', 'NVDA', 'NVR', 'NXPI', 'ORLY', 'OXY', 'ODFL', 'OMC', True, 'OKE', 'ORCL', 'OTIS', 'PCAR', 'PKG', 'PLTR', 'PANW', 'PARA', 'PH', 'PAYX', 'PAYC', 'PYPL', 'PNR', 'PEP', 'PFE', 'PCG', 'PM', 'PSX', 'PNW', 'PNC', 'POOL', 'PPG', 'PPL', 'PFG', 'PG', 'PGR', 'PLD', 'PRU', 'PEG', 'PTC', 'PSA', 'PHM', 'QRVO', 'PWR', 'QCOM', 'DGX', 'RL', 'RJF', 'RTX', 'O', 'REG', 'REGN', 'RF', 'RSG', 'RMD', 'RVTY', 'ROK', 'ROL', 'ROP', 'ROST', 'RCL', 'SPGI', 'CRM', 'SBAC', 'SLB', 'STX', 'SRE', 'NOW', 'SHW', 'SPG', 'SWKS', 'SJM', 'SW', 'SNA', 'SOLV', 'SO', 'LUV', 'SWK', 'SBUX', 'STT', 'STLD', 'STE', 'SYK', 'SMCI', 'SYF', 'SNPS', 'SYY', 'TMUS', 'TROW', 'TTWO', 'TPR', 'TRGP', 'TGT', 'TEL', 'TDY', 'TFX', 'TER', 'TSLA', 'TXN', 'TXT', 'TMO', 'TJX', 'TSCO', 'TT', 'TDG', 'TRV', 'TRMB', 'TFC', 'TYL', 'TSN', 'USB', 'UBER', 'UDR', 'ULTA', 'UNP', 'UAL', 'UPS', 'URI', 'UNH', 'UHS', 'VLO', 'VTR', 'VLTO', 'VRSN', 'VRSK', 'VZ', 'VRTX', 'VTRS', 'VICI', 'V', 'VST', 'VMC', 'WRB', 'GWW', 'WAB', 'WBA', 'WMT', 'DIS', 'WBD', 'WM', 'WAT', 'WEC', 'WFC', 'WELL', 'WST', 'WDC', 'WY', 'WMB', 'WTW', 'WYNN', 'XEL', 'XYL', 'YUM', 'ZBRA', 'ZBH', 'ZTS']
2024-11-14 22:21:23,886 - __main__ - INFO - Step 1: Data Ingestion
2024-11-14 22:21:23,887 - src.data_ingestion.fetch_data - WARNING - Removed non-string tickers: [True]
2024-11-14 22:21:23,887 - src.data_ingestion.fetch_data - INFO - Fetching historical data from Yahoo Finance for tickers: ['MMM', 'AOS', 'ABT', 'ABBV', 'ACN', 'ADBE', 'AMD', 'AES', 'AFL', 'A', 'APD', 'ABNB', 'AKAM', 'ALB', 'ARE', 'ALGN', 'ALLE', 'LNT', 'ALL', 'GOOGL', 'GOOG', 'MO', 'AMZN', 'AMCR', 'AMTM', 'AEE', 'AEP', 'AXP', 'AIG', 'AMT', 'AWK', 'AMP', 'AME', 'AMGN', 'APH', 'ADI', 'ANSS', 'AON', 'APA', 'AAPL', 'AMAT', 'APTV', 'ACGL', 'ADM', 'ANET', 'AJG', 'AIZ', 'T', 'ATO', 'ADSK', 'ADP', 'AZO', 'AVB', 'AVY', 'AXON', 'BKR', 'BALL', 'BAC', 'BAX', 'BDX', 'BRK.B', 'BBY', 'TECH', 'BIIB', 'BLK', 'BX', 'BK', 'BA', 'BKNG', 'BWA', 'BSX', 'BMY', 'AVGO', 'BR', 'BRO', 'BF.B', 'BLDR', 'BG', 'BXP', 'CHRW', 'CDNS', 'CZR', 'CPT', 'CPB', 'COF', 'CAH', 'KMX', 'CCL', 'CARR', 'CTLT', 'CAT', 'CBOE', 'CBRE', 'CDW', 'CE', 'COR', 'CNC', 'CNP', 'CF', 'CRL', 'SCHW', 'CHTR', 'CVX', 'CMG', 'CB', 'CHD', 'CI', 'CINF', 'CTAS', 'CSCO', 'C', 'CFG', 'CLX', 'CME', 'CMS', 'KO', 'CTSH', 'CL', 'CMCSA', 'CAG', 'COP', 'ED', 'STZ', 'CEG', 'COO', 'CPRT', 'GLW', 'CPAY', 'CTVA', 'CSGP', 'COST', 'CTRA', 'CRWD', 'CCI', 'CSX', 'CMI', 'CVS', 'DHR', 'DRI', 'DVA', 'DAY', 'DECK', 'DE', 'DELL', 'DAL', 'DVN', 'DXCM', 'FANG', 'DLR', 'DFS', 'DG', 'DLTR', 'D', 'DPZ', 'DOV', 'DOW', 'DHI', 'DTE', 'DUK', 'DD', 'EMN', 'ETN', 'EBAY', 'ECL', 'EIX', 'EW', 'EA', 'ELV', 'EMR', 'ENPH', 'ETR', 'EOG', 'EPAM', 'EQT', 'EFX', 'EQIX', 'EQR', 'ERIE', 'ESS', 'EL', 'EG', 'EVRG', 'ES', 'EXC', 'EXPE', 'EXPD', 'EXR', 'XOM', 'FFIV', 'FDS', 'FICO', 'FAST', 'FRT', 'FDX', 'FIS', 'FITB', 'FSLR', 'FE', 'FI', 'FMC', 'F', 'FTNT', 'FTV', 'FOXA', 'FOX', 'BEN', 'FCX', 'GRMN', 'IT', 'GE', 'GEHC', 'GEV', 'GEN', 'GNRC', 'GD', 'GIS', 'GM', 'GPC', 'GILD', 'GPN', 'GL', 'GDDY', 'GS', 'HAL', 'HIG', 'HAS', 'HCA', 'DOC', 'HSIC', 'HSY', 'HES', 'HPE', 'HLT', 'HOLX', 'HD', 'HON', 'HRL', 'HST', 'HWM', 'HPQ', 'HUBB', 'HUM', 'HBAN', 'HII', 'IBM', 'IEX', 'IDXX', 'ITW', 'INCY', 'IR', 'PODD', 'INTC', 'ICE', 'IFF', 'IP', 'IPG', 'INTU', 'ISRG', 'IVZ', 'INVH', 'IQV', 'IRM', 'JBHT', 'JBL', 'JKHY', 'J', 'JNJ', 'JCI', 'JPM', 'JNPR', 'K', 'KVUE', 'KDP', 'KEY', 'KEYS', 'KMB', 'KIM', 'KMI', 'KKR', 'KLAC', 'KHC', 'KR', 'LHX', 'LH', 'LRCX', 'LW', 'LVS', 'LDOS', 'LEN', 'LLY', 'LIN', 'LYV', 'LKQ', 'LMT', 'L', 'LOW', 'LULU', 'LYB', 'MTB', 'MRO', 'MPC', 'MKTX', 'MAR', 'MMC', 'MLM', 'MAS', 'MA', 'MTCH', 'MKC', 'MCD', 'MCK', 'MDT', 'MRK', 'META', 'MET', 'MTD', 'MGM', 'MCHP', 'MU', 'MSFT', 'MAA', 'MRNA', 'MHK', 'MOH', 'TAP', 'MDLZ', 'MPWR', 'MNST', 'MCO', 'MS', 'MOS', 'MSI', 'MSCI', 'NDAQ', 'NTAP', 'NFLX', 'NEM', 'NWSA', 'NWS', 'NEE', 'NKE', 'NI', 'NDSN', 'NSC', 'NTRS', 'NOC', 'NCLH', 'NRG', 'NUE', 'NVDA', 'NVR', 'NXPI', 'ORLY', 'OXY', 'ODFL', 'OMC', 'OKE', 'ORCL', 'OTIS', 'PCAR', 'PKG', 'PLTR', 'PANW', 'PARA', 'PH', 'PAYX', 'PAYC', 'PYPL', 'PNR', 'PEP', 'PFE', 'PCG', 'PM', 'PSX', 'PNW', 'PNC', 'POOL', 'PPG', 'PPL', 'PFG', 'PG', 'PGR', 'PLD', 'PRU', 'PEG', 'PTC', 'PSA', 'PHM', 'QRVO', 'PWR', 'QCOM', 'DGX', 'RL', 'RJF', 'RTX', 'O', 'REG', 'REGN', 'RF', 'RSG', 'RMD', 'RVTY', 'ROK', 'ROL', 'ROP', 'ROST', 'RCL', 'SPGI', 'CRM', 'SBAC', 'SLB', 'STX', 'SRE', 'NOW', 'SHW', 'SPG', 'SWKS', 'SJM', 'SW', 'SNA', 'SOLV', 'SO', 'LUV', 'SWK', 'SBUX', 'STT', 'STLD', 'STE', 'SYK', 'SMCI', 'SYF', 'SNPS', 'SYY', 'TMUS', 'TROW', 'TTWO', 'TPR', 'TRGP', 'TGT', 'TEL', 'TDY', 'TFX', 'TER', 'TSLA', 'TXN', 'TXT', 'TMO', 'TJX', 'TSCO', 'TT', 'TDG', 'TRV', 'TRMB', 'TFC', 'TYL', 'TSN', 'USB', 'UBER', 'UDR', 'ULTA', 'UNP', 'UAL', 'UPS', 'URI', 'UNH', 'UHS', 'VLO', 'VTR', 'VLTO', 'VRSN', 'VRSK', 'VZ', 'VRTX', 'VTRS', 'VICI', 'V', 'VST', 'VMC', 'WRB', 'GWW', 'WAB', 'WBA', 'WMT', 'DIS', 'WBD', 'WM', 'WAT', 'WEC', 'WFC', 'WELL', 'WST', 'WDC', 'WY', 'WMB', 'WTW', 'WYNN', 'XEL', 'XYL', 'YUM', 'ZBRA', 'ZBH', 'ZTS']
2024-11-14 22:34:42,216 - __main__ - INFO - Step 1: Data Ingestion
2024-11-14 22:34:42,217 - src.data_ingestion.fetch_data - WARNING - Removed non-string tickers: [True]
2024-11-14 22:34:42,217 - src.data_ingestion.fetch_data - INFO - Fetching historical data from Yahoo Finance for tickers: ['MMM', 'AOS', 'ABT', 'ABBV', 'ACN', 'ADBE', 'AMD', 'AES', 'AFL', 'A', 'APD', 'ABNB', 'AKAM', 'ALB', 'ARE', 'ALGN', 'ALLE', 'LNT', 'ALL', 'GOOGL', 'GOOG', 'MO', 'AMZN', 'AMCR', 'AMTM', 'AEE', 'AEP', 'AXP', 'AIG', 'AMT', 'AWK', 'AMP', 'AME', 'AMGN', 'APH', 'ADI', 'ANSS', 'AON', 'APA', 'AAPL', 'AMAT', 'APTV', 'ACGL', 'ADM', 'ANET', 'AJG', 'AIZ', 'T', 'ATO', 'ADSK', 'ADP', 'AZO', 'AVB', 'AVY', 'AXON', 'BKR', 'BALL', 'BAC', 'BAX', 'BDX', 'BRK.B', 'BBY', 'TECH', 'BIIB', 'BLK', 'BX', 'BK', 'BA', 'BKNG', 'BWA', 'BSX', 'BMY', 'AVGO', 'BR', 'BRO', 'BF.B', 'BLDR', 'BG', 'BXP', 'CHRW', 'CDNS', 'CZR', 'CPT', 'CPB', 'COF', 'CAH', 'KMX', 'CCL', 'CARR', 'CTLT', 'CAT', 'CBOE', 'CBRE', 'CDW', 'CE', 'COR', 'CNC', 'CNP', 'CF', 'CRL', 'SCHW', 'CHTR', 'CVX', 'CMG', 'CB', 'CHD', 'CI', 'CINF', 'CTAS', 'CSCO', 'C', 'CFG', 'CLX', 'CME', 'CMS', 'KO', 'CTSH', 'CL', 'CMCSA', 'CAG', 'COP', 'ED', 'STZ', 'CEG', 'COO', 'CPRT', 'GLW', 'CPAY', 'CTVA', 'CSGP', 'COST', 'CTRA', 'CRWD', 'CCI', 'CSX', 'CMI', 'CVS', 'DHR', 'DRI', 'DVA', 'DAY', 'DECK', 'DE', 'DELL', 'DAL', 'DVN', 'DXCM', 'FANG', 'DLR', 'DFS', 'DG', 'DLTR', 'D', 'DPZ', 'DOV', 'DOW', 'DHI', 'DTE', 'DUK', 'DD', 'EMN', 'ETN', 'EBAY', 'ECL', 'EIX', 'EW', 'EA', 'ELV', 'EMR', 'ENPH', 'ETR', 'EOG', 'EPAM', 'EQT', 'EFX', 'EQIX', 'EQR', 'ERIE', 'ESS', 'EL', 'EG', 'EVRG', 'ES', 'EXC', 'EXPE', 'EXPD', 'EXR', 'XOM', 'FFIV', 'FDS', 'FICO', 'FAST', 'FRT', 'FDX', 'FIS', 'FITB', 'FSLR', 'FE', 'FI', 'FMC', 'F', 'FTNT', 'FTV', 'FOXA', 'FOX', 'BEN', 'FCX', 'GRMN', 'IT', 'GE', 'GEHC', 'GEV', 'GEN', 'GNRC', 'GD', 'GIS', 'GM', 'GPC', 'GILD', 'GPN', 'GL', 'GDDY', 'GS', 'HAL', 'HIG', 'HAS', 'HCA', 'DOC', 'HSIC', 'HSY', 'HES', 'HPE', 'HLT', 'HOLX', 'HD', 'HON', 'HRL', 'HST', 'HWM', 'HPQ', 'HUBB', 'HUM', 'HBAN', 'HII', 'IBM', 'IEX', 'IDXX', 'ITW', 'INCY', 'IR', 'PODD', 'INTC', 'ICE', 'IFF', 'IP', 'IPG', 'INTU', 'ISRG', 'IVZ', 'INVH', 'IQV', 'IRM', 'JBHT', 'JBL', 'JKHY', 'J', 'JNJ', 'JCI', 'JPM', 'JNPR', 'K', 'KVUE', 'KDP', 'KEY', 'KEYS', 'KMB', 'KIM', 'KMI', 'KKR', 'KLAC', 'KHC', 'KR', 'LHX', 'LH', 'LRCX', 'LW', 'LVS', 'LDOS', 'LEN', 'LLY', 'LIN', 'LYV', 'LKQ', 'LMT', 'L', 'LOW', 'LULU', 'LYB', 'MTB', 'MRO', 'MPC', 'MKTX', 'MAR', 'MMC', 'MLM', 'MAS', 'MA', 'MTCH', 'MKC', 'MCD', 'MCK', 'MDT', 'MRK', 'META', 'MET', 'MTD', 'MGM', 'MCHP', 'MU', 'MSFT', 'MAA', 'MRNA', 'MHK', 'MOH', 'TAP', 'MDLZ', 'MPWR', 'MNST', 'MCO', 'MS', 'MOS', 'MSI', 'MSCI', 'NDAQ', 'NTAP', 'NFLX', 'NEM', 'NWSA', 'NWS', 'NEE', 'NKE', 'NI', 'NDSN', 'NSC', 'NTRS', 'NOC', 'NCLH', 'NRG', 'NUE', 'NVDA', 'NVR', 'NXPI', 'ORLY', 'OXY', 'ODFL', 'OMC', 'OKE', 'ORCL', 'OTIS', 'PCAR', 'PKG', 'PLTR', 'PANW', 'PARA', 'PH', 'PAYX', 'PAYC', 'PYPL', 'PNR', 'PEP', 'PFE', 'PCG', 'PM', 'PSX', 'PNW', 'PNC', 'POOL', 'PPG', 'PPL', 'PFG', 'PG', 'PGR', 'PLD', 'PRU', 'PEG', 'PTC', 'PSA', 'PHM', 'QRVO', 'PWR', 'QCOM', 'DGX', 'RL', 'RJF', 'RTX', 'O', 'REG', 'REGN', 'RF', 'RSG', 'RMD', 'RVTY', 'ROK', 'ROL', 'ROP', 'ROST', 'RCL', 'SPGI', 'CRM', 'SBAC', 'SLB', 'STX', 'SRE', 'NOW', 'SHW', 'SPG', 'SWKS', 'SJM', 'SW', 'SNA', 'SOLV', 'SO', 'LUV', 'SWK', 'SBUX', 'STT', 'STLD', 'STE', 'SYK', 'SMCI', 'SYF', 'SNPS', 'SYY', 'TMUS', 'TROW', 'TTWO', 'TPR', 'TRGP', 'TGT', 'TEL', 'TDY', 'TFX', 'TER', 'TSLA', 'TXN', 'TXT', 'TMO', 'TJX', 'TSCO', 'TT', 'TDG', 'TRV', 'TRMB', 'TFC', 'TYL', 'TSN', 'USB', 'UBER', 'UDR', 'ULTA', 'UNP', 'UAL', 'UPS', 'URI', 'UNH', 'UHS', 'VLO', 'VTR', 'VLTO', 'VRSN', 'VRSK', 'VZ', 'VRTX', 'VTRS', 'VICI', 'V', 'VST', 'VMC', 'WRB', 'GWW', 'WAB', 'WBA', 'WMT', 'DIS', 'WBD', 'WM', 'WAT', 'WEC', 'WFC', 'WELL', 'WST', 'WDC', 'WY', 'WMB', 'WTW', 'WYNN', 'XEL', 'XYL', 'YUM', 'ZBRA', 'ZBH', 'ZTS']
2024-11-14 22:35:34,797 - src.data_ingestion.fetch_data - INFO - Historical data saved to data\raw\historical_data_2020-01-01_2023-12-31.csv
2024-11-14 22:35:36,903 - src.data_ingestion.fetch_data - INFO - Raw data saved to data\raw\stock_prices_raw.csv
2024-11-14 22:35:37,248 - src.data_ingestion.fetch_data - INFO - Raw data loaded from data\raw\stock_prices_raw.csv
2024-11-14 22:35:37,252 - __main__ - INFO - Step 2: Data Preprocessing
2024-11-14 22:35:37,252 - src.data_ingestion.preprocess - INFO - Cleaning stock data.
2024-11-14 22:35:37,271 - src.data_ingestion.preprocess - INFO - Stock data cleaned.
2024-11-14 22:46:55,826 - __main__ - INFO - Step 1: Data Ingestion
2024-11-14 22:46:55,826 - src.data_ingestion.fetch_data - WARNING - Removed non-string tickers: [True]
2024-11-14 22:46:55,827 - src.data_ingestion.fetch_data - INFO - Loading historical data from data\raw\historical_data_2020-01-01_2023-12-31.csv
2024-11-14 22:46:57,859 - src.data_ingestion.fetch_data - INFO - Raw data saved to data\raw\stock_prices_raw.csv
2024-11-14 22:46:58,152 - src.data_ingestion.fetch_data - INFO - Raw data loaded from data\raw\stock_prices_raw.csv
2024-11-14 22:46:58,153 - __main__ - INFO - Step 2: Data Preprocessing
2024-11-14 22:46:58,153 - src.data_ingestion.preprocess - INFO - Cleaning stock data.
2024-11-14 22:46:58,167 - src.data_ingestion.preprocess - INFO - Stock data cleaned.
2024-11-14 22:46:58,270 - src.data_ingestion.preprocess - INFO - Processed data saved to data\processed\stock_prices_cleaned.csv
2024-11-14 22:46:58,271 - __main__ - INFO - Step 3: Feature Engineering
2024-11-14 22:46:58,272 - src.feature_engineering.risk_indicators - INFO - Calculating daily returns.
2024-11-14 22:46:58,380 - src.feature_engineering.risk_indicators - INFO - Daily returns calculated.
2024-11-14 22:46:58,381 - __main__ - INFO - Step 4: Portfolio Optimization
2024-11-14 22:46:58,381 - src.models.optimization - INFO - Starting portfolio optimization.
2024-11-14 22:47:42,187 - src.models.optimization - INFO - Portfolio optimization successful.
2024-11-14 22:47:42,187 - __main__ - INFO - Step 5: Display and Save Portfolio Allocation
2024-11-14 22:47:42,188 - src.evaluation.backtesting - INFO - 
Optimal Portfolio Allocation:
2024-11-14 22:47:42,189 - src.evaluation.backtesting - INFO -     Ticker        Weight
0        A  4.824472e-18
1     AAPL  3.724892e-02
2     ABBV  2.269280e-17
3     ABNB  0.000000e+00
4      ABT  5.587869e-02
..     ...           ...
491    XYL  4.677276e-18
492    YUM  7.519973e-18
493    ZBH  1.425213e-17
494   ZBRA  0.000000e+00
495    ZTS  0.000000e+00

[496 rows x 2 columns]
2024-11-14 22:47:43,134 - src.evaluation.backtesting - INFO - Portfolio allocation saved to data/processed/optimized_portfolio.xlsx
2024-11-14 22:47:43,135 - __main__ - INFO - Step 6: Calculate and Save Risk Metrics
2024-11-14 22:47:43,135 - src.evaluation.backtesting - INFO - Calculating risk metrics for the portfolio.
2024-11-14 22:47:43,135 - src.feature_engineering.risk_indicators - INFO - Calculating Value at Risk (VaR) at 95.0% confidence level.
2024-11-14 22:47:43,140 - src.feature_engineering.risk_indicators - INFO - VaR calculated: -0.0031
2024-11-14 22:47:43,141 - src.feature_engineering.risk_indicators - INFO - Calculating Max Drawdown.
2024-11-14 22:47:43,142 - src.feature_engineering.risk_indicators - INFO - Max Drawdown calculated: -0.0113
2024-11-14 22:47:43,142 - src.feature_engineering.risk_indicators - INFO - Calculating Sharpe Ratio.
2024-11-14 22:47:43,143 - src.feature_engineering.risk_indicators - INFO - Sharpe Ratio calculated: 7.0648
2024-11-14 22:47:43,144 - src.evaluation.backtesting - INFO - Value at Risk (VaR): -0.0031
2024-11-14 22:47:43,144 - src.evaluation.backtesting - INFO - Max Drawdown: -0.0113
2024-11-14 22:47:43,144 - src.evaluation.backtesting - INFO - Sharpe Ratio: 7.0648
2024-11-14 22:47:43,342 - src.evaluation.backtesting - INFO - Risk metrics saved to data/processed/optimized_portfolio.xlsx
2024-11-14 22:47:43,342 - __main__ - INFO - Robo Advisor run completed successfully.
2024-11-15 00:14:42,016 - __main__ - INFO - Step 1: Data Ingestion
2024-11-15 00:14:42,017 - src.data_ingestion.fetch_data - WARNING - Removed non-string tickers: [True]
2024-11-15 00:14:42,017 - src.data_ingestion.fetch_data - INFO - Loading historical data from data\raw\historical_data_2020-01-01_2023-12-31.csv
2024-11-15 00:14:44,236 - src.data_ingestion.fetch_data - INFO - Raw data saved to data\raw\stock_prices_raw.csv
2024-11-15 00:14:44,610 - src.data_ingestion.fetch_data - INFO - Raw data loaded from data\raw\stock_prices_raw.csv
2024-11-15 00:14:44,611 - __main__ - INFO - Step 2: Data Preprocessing
2024-11-15 00:14:44,611 - src.data_ingestion.preprocess - INFO - Cleaning stock data.
2024-11-15 00:14:44,633 - src.data_ingestion.preprocess - INFO - Stock data cleaned.
2024-11-15 00:14:44,736 - src.data_ingestion.preprocess - INFO - Processed data saved to data\processed\stock_prices_cleaned.csv
2024-11-15 00:14:44,737 - __main__ - INFO - Step 3: Feature Engineering
2024-11-15 00:14:44,739 - src.feature_engineering.risk_indicators - INFO - Calculating daily returns.
2024-11-15 00:14:44,889 - src.feature_engineering.risk_indicators - INFO - Daily returns calculated.
2024-11-15 00:14:44,889 - __main__ - INFO - Step 4: Portfolio Optimization
2024-11-15 00:14:44,889 - src.models.optimization - INFO - Starting portfolio optimization.
2024-11-15 00:15:31,475 - src.models.optimization - INFO - Portfolio optimization successful.
2024-11-15 00:15:31,475 - __main__ - INFO - Step 5: Display and Save Portfolio Allocation
2024-11-15 00:15:31,476 - src.evaluation.backtesting - INFO - 
Optimal Portfolio Allocation:
2024-11-15 00:15:31,476 - src.evaluation.backtesting - INFO -     Ticker        Weight
0        A  4.824472e-18
1     AAPL  3.724892e-02
2     ABBV  2.269280e-17
3     ABNB  0.000000e+00
4      ABT  5.587869e-02
..     ...           ...
491    XYL  4.677276e-18
492    YUM  7.519973e-18
493    ZBH  1.425213e-17
494   ZBRA  0.000000e+00
495    ZTS  0.000000e+00

[496 rows x 2 columns]
2024-11-15 01:07:06,192 - __main__ - INFO - Step 1: Data Ingestion
2024-11-15 01:07:06,194 - src.data_ingestion.fetch_data - WARNING - Removed non-string tickers: [True]
2024-11-15 01:07:06,194 - src.data_ingestion.fetch_data - INFO - Loading historical data from data\raw\historical_data_2020-01-01_2023-12-31.csv
2024-11-15 01:07:08,499 - src.data_ingestion.fetch_data - INFO - Raw data saved to data\raw\stock_prices_raw.csv
2024-11-15 01:07:08,981 - src.data_ingestion.fetch_data - INFO - Raw data loaded from data\raw\stock_prices_raw.csv
2024-11-15 01:07:08,983 - __main__ - INFO - Step 2: Data Preprocessing
2024-11-15 01:07:08,984 - src.data_ingestion.preprocess - INFO - Cleaning stock data.
2024-11-15 01:07:09,006 - src.data_ingestion.preprocess - INFO - Stock data cleaned.
2024-11-15 01:07:09,164 - src.data_ingestion.preprocess - INFO - Processed data saved to C:\Users\karal\PycharmProjects\Athena-Prototype\src\data\processed\stock_prices_cleaned.csv
2024-11-15 01:07:09,164 - __main__ - INFO - Step 3: Feature Engineering
2024-11-15 01:07:09,167 - src.feature_engineering.risk_indicators - INFO - Calculating daily returns.
2024-11-15 01:07:09,299 - src.feature_engineering.risk_indicators - INFO - Daily returns calculated.
2024-11-15 01:07:09,300 - __main__ - INFO - Step 4: Portfolio Optimization
2024-11-15 01:07:09,300 - src.models.optimization - INFO - Starting portfolio optimization.
2024-11-15 01:07:52,469 - src.models.optimization - INFO - Portfolio optimization successful.
2024-11-15 01:07:52,469 - __main__ - INFO - Step 5: Display and Save Portfolio Allocation
2024-11-15 01:07:52,471 - src.evaluation.backtesting - INFO - 
Optimal Portfolio Allocation:
2024-11-15 01:07:52,471 - src.evaluation.backtesting - INFO -     Ticker        Weight
0        A  4.824472e-18
1     AAPL  3.724892e-02
2     ABBV  2.269280e-17
3     ABNB  0.000000e+00
4      ABT  5.587869e-02
..     ...           ...
491    XYL  4.677276e-18
492    YUM  7.519973e-18
493    ZBH  1.425213e-17
494   ZBRA  0.000000e+00
495    ZTS  0.000000e+00

[496 rows x 2 columns]
2024-11-15 01:07:53,350 - src.evaluation.backtesting - INFO - Portfolio allocation saved to data/processed/optimized_portfolio.xlsx
2024-11-15 01:07:53,351 - __main__ - INFO - Step 6: Calculate and Save Risk Metrics
2024-11-15 01:07:53,351 - src.evaluation.backtesting - INFO - Calculating risk metrics for the portfolio.
2024-11-15 01:07:53,351 - src.feature_engineering.risk_indicators - INFO - Calculating Value at Risk (VaR) at 95.0% confidence level.
2024-11-15 01:07:53,356 - src.feature_engineering.risk_indicators - INFO - VaR calculated: -0.0031
2024-11-15 01:07:53,357 - src.feature_engineering.risk_indicators - INFO - Calculating Max Drawdown.
2024-11-15 01:07:53,357 - src.feature_engineering.risk_indicators - INFO - Max Drawdown calculated: -0.0113
2024-11-15 01:07:53,358 - src.feature_engineering.risk_indicators - INFO - Calculating Sharpe Ratio.
2024-11-15 01:07:53,358 - src.feature_engineering.risk_indicators - INFO - Sharpe Ratio calculated: 7.0648
2024-11-15 01:07:53,359 - src.evaluation.backtesting - INFO - Value at Risk (VaR): -0.0031
2024-11-15 01:07:53,359 - src.evaluation.backtesting - INFO - Max Drawdown: -0.0113
2024-11-15 01:07:53,359 - src.evaluation.backtesting - INFO - Sharpe Ratio: 7.0648
2024-11-15 01:07:53,498 - src.evaluation.backtesting - INFO - Risk metrics saved to data/processed/optimized_portfolio.xlsx
2024-11-15 01:07:53,499 - __main__ - INFO - Robo Advisor run completed successfully.
2024-11-15 01:19:54,417 - __main__ - INFO - Step 1: Data Ingestion
2024-11-15 01:19:54,418 - src.data_ingestion.fetch_data - WARNING - Removed non-string tickers: [True]
2024-11-15 01:19:54,418 - src.data_ingestion.fetch_data - INFO - Loading historical data from data\raw\historical_data_2020-01-01_2023-12-31.csv
2024-11-15 01:19:56,599 - src.data_ingestion.fetch_data - INFO - Raw data saved to data\raw\stock_prices_raw.csv
2024-11-15 01:19:56,955 - src.data_ingestion.fetch_data - INFO - Raw data loaded from data\raw\stock_prices_raw.csv
2024-11-15 01:19:56,956 - __main__ - INFO - Step 2: Data Preprocessing
2024-11-15 01:19:56,956 - src.data_ingestion.preprocess - INFO - Cleaning stock data.
2024-11-15 01:19:56,975 - src.data_ingestion.preprocess - INFO - Stock data cleaned.
2024-11-15 01:19:57,143 - src.data_ingestion.preprocess - INFO - Processed data saved to C:\Users\karal\PycharmProjects\Athena-Prototype\data\processed\stock_prices_cleaned.csv
2024-11-15 01:19:57,143 - __main__ - INFO - Step 3: Feature Engineering
2024-11-15 01:19:57,145 - src.feature_engineering.risk_indicators - INFO - Calculating daily returns.
2024-11-15 01:19:57,299 - src.feature_engineering.risk_indicators - INFO - Daily returns calculated.
2024-11-15 01:19:57,299 - __main__ - INFO - Step 4: Portfolio Optimization
2024-11-15 01:19:57,300 - src.models.optimization - INFO - Starting portfolio optimization.
2024-11-15 01:20:42,684 - src.models.optimization - INFO - Portfolio optimization successful.
2024-11-15 01:20:42,684 - __main__ - INFO - Step 5: Display and Save Portfolio Allocation
2024-11-15 01:20:42,685 - src.evaluation.backtesting - INFO - 
Optimal Portfolio Allocation:
2024-11-15 01:20:42,685 - src.evaluation.backtesting - INFO -     Ticker        Weight
0        A  4.824472e-18
1     AAPL  3.724892e-02
2     ABBV  2.269280e-17
3     ABNB  0.000000e+00
4      ABT  5.587869e-02
..     ...           ...
491    XYL  4.677276e-18
492    YUM  7.519973e-18
493    ZBH  1.425213e-17
494   ZBRA  0.000000e+00
495    ZTS  0.000000e+00

[496 rows x 2 columns]
2024-11-15 01:20:44,408 - src.evaluation.backtesting - INFO - Portfolio allocation saved to data/processed/optimized_portfolio.xlsx
2024-11-15 01:20:44,414 - __main__ - INFO - Step 6: Calculate and Save Risk Metrics
2024-11-15 01:20:44,414 - src.evaluation.backtesting - INFO - Calculating risk metrics for the portfolio.
2024-11-15 01:20:44,416 - src.feature_engineering.risk_indicators - INFO - Calculating Value at Risk (VaR) at 95.0% confidence level.
2024-11-15 01:20:44,418 - src.feature_engineering.risk_indicators - INFO - VaR calculated: -0.0031
2024-11-15 01:20:44,420 - src.feature_engineering.risk_indicators - INFO - Calculating Max Drawdown.
2024-11-15 01:20:44,422 - src.feature_engineering.risk_indicators - INFO - Max Drawdown calculated: -0.0113
2024-11-15 01:20:44,422 - src.feature_engineering.risk_indicators - INFO - Calculating Sharpe Ratio.
2024-11-15 01:20:44,424 - src.feature_engineering.risk_indicators - INFO - Sharpe Ratio calculated: 7.0648
2024-11-15 01:20:44,424 - src.evaluation.backtesting - INFO - Value at Risk (VaR): -0.0031
2024-11-15 01:20:44,425 - src.evaluation.backtesting - INFO - Max Drawdown: -0.0113
2024-11-15 01:20:44,425 - src.evaluation.backtesting - INFO - Sharpe Ratio: 7.0648
2024-11-15 01:20:44,769 - src.evaluation.backtesting - INFO - Risk metrics saved to data/processed/optimized_portfolio.xlsx
2024-11-15 01:20:44,769 - __main__ - INFO - Robo Advisor run completed successfully.
2024-11-15 01:26:44,619 - __main__ - INFO - Step 1: Data Ingestion
2024-11-15 01:26:44,620 - src.data_ingestion.fetch_data - WARNING - Removed non-string tickers: [True]
2024-11-15 01:26:44,622 - src.data_ingestion.fetch_data - INFO - Fetching historical data from Yahoo Finance for tickers: ['MMM', 'AOS', 'ABT', 'ABBV', 'ACN', 'ADBE', 'AMD', 'AES', 'AFL', 'A', 'APD', 'ABNB', 'AKAM', 'ALB', 'ARE', 'ALGN', 'ALLE', 'LNT', 'ALL', 'GOOGL', 'GOOG', 'MO', 'AMZN', 'AMCR', 'AMTM', 'AEE', 'AEP', 'AXP', 'AIG', 'AMT', 'AWK', 'AMP', 'AME', 'AMGN', 'APH', 'ADI', 'ANSS', 'AON', 'APA', 'AAPL', 'AMAT', 'APTV', 'ACGL', 'ADM', 'ANET', 'AJG', 'AIZ', 'T', 'ATO', 'ADSK', 'ADP', 'AZO', 'AVB', 'AVY', 'AXON', 'BKR', 'BALL', 'BAC', 'BAX', 'BDX', 'BRK.B', 'BBY', 'TECH', 'BIIB', 'BLK', 'BX', 'BK', 'BA', 'BKNG', 'BWA', 'BSX', 'BMY', 'AVGO', 'BR', 'BRO', 'BF.B', 'BLDR', 'BG', 'BXP', 'CHRW', 'CDNS', 'CZR', 'CPT', 'CPB', 'COF', 'CAH', 'KMX', 'CCL', 'CARR', 'CTLT', 'CAT', 'CBOE', 'CBRE', 'CDW', 'CE', 'COR', 'CNC', 'CNP', 'CF', 'CRL', 'SCHW', 'CHTR', 'CVX', 'CMG', 'CB', 'CHD', 'CI', 'CINF', 'CTAS', 'CSCO', 'C', 'CFG', 'CLX', 'CME', 'CMS', 'KO', 'CTSH', 'CL', 'CMCSA', 'CAG', 'COP', 'ED', 'STZ', 'CEG', 'COO', 'CPRT', 'GLW', 'CPAY', 'CTVA', 'CSGP', 'COST', 'CTRA', 'CRWD', 'CCI', 'CSX', 'CMI', 'CVS', 'DHR', 'DRI', 'DVA', 'DAY', 'DECK', 'DE', 'DELL', 'DAL', 'DVN', 'DXCM', 'FANG', 'DLR', 'DFS', 'DG', 'DLTR', 'D', 'DPZ', 'DOV', 'DOW', 'DHI', 'DTE', 'DUK', 'DD', 'EMN', 'ETN', 'EBAY', 'ECL', 'EIX', 'EW', 'EA', 'ELV', 'EMR', 'ENPH', 'ETR', 'EOG', 'EPAM', 'EQT', 'EFX', 'EQIX', 'EQR', 'ERIE', 'ESS', 'EL', 'EG', 'EVRG', 'ES', 'EXC', 'EXPE', 'EXPD', 'EXR', 'XOM', 'FFIV', 'FDS', 'FICO', 'FAST', 'FRT', 'FDX', 'FIS', 'FITB', 'FSLR', 'FE', 'FI', 'FMC', 'F', 'FTNT', 'FTV', 'FOXA', 'FOX', 'BEN', 'FCX', 'GRMN', 'IT', 'GE', 'GEHC', 'GEV', 'GEN', 'GNRC', 'GD', 'GIS', 'GM', 'GPC', 'GILD', 'GPN', 'GL', 'GDDY', 'GS', 'HAL', 'HIG', 'HAS', 'HCA', 'DOC', 'HSIC', 'HSY', 'HES', 'HPE', 'HLT', 'HOLX', 'HD', 'HON', 'HRL', 'HST', 'HWM', 'HPQ', 'HUBB', 'HUM', 'HBAN', 'HII', 'IBM', 'IEX', 'IDXX', 'ITW', 'INCY', 'IR', 'PODD', 'INTC', 'ICE', 'IFF', 'IP', 'IPG', 'INTU', 'ISRG', 'IVZ', 'INVH', 'IQV', 'IRM', 'JBHT', 'JBL', 'JKHY', 'J', 'JNJ', 'JCI', 'JPM', 'JNPR', 'K', 'KVUE', 'KDP', 'KEY', 'KEYS', 'KMB', 'KIM', 'KMI', 'KKR', 'KLAC', 'KHC', 'KR', 'LHX', 'LH', 'LRCX', 'LW', 'LVS', 'LDOS', 'LEN', 'LLY', 'LIN', 'LYV', 'LKQ', 'LMT', 'L', 'LOW', 'LULU', 'LYB', 'MTB', 'MRO', 'MPC', 'MKTX', 'MAR', 'MMC', 'MLM', 'MAS', 'MA', 'MTCH', 'MKC', 'MCD', 'MCK', 'MDT', 'MRK', 'META', 'MET', 'MTD', 'MGM', 'MCHP', 'MU', 'MSFT', 'MAA', 'MRNA', 'MHK', 'MOH', 'TAP', 'MDLZ', 'MPWR', 'MNST', 'MCO', 'MS', 'MOS', 'MSI', 'MSCI', 'NDAQ', 'NTAP', 'NFLX', 'NEM', 'NWSA', 'NWS', 'NEE', 'NKE', 'NI', 'NDSN', 'NSC', 'NTRS', 'NOC', 'NCLH', 'NRG', 'NUE', 'NVDA', 'NVR', 'NXPI', 'ORLY', 'OXY', 'ODFL', 'OMC', 'OKE', 'ORCL', 'OTIS', 'PCAR', 'PKG', 'PLTR', 'PANW', 'PARA', 'PH', 'PAYX', 'PAYC', 'PYPL', 'PNR', 'PEP', 'PFE', 'PCG', 'PM', 'PSX', 'PNW', 'PNC', 'POOL', 'PPG', 'PPL', 'PFG', 'PG', 'PGR', 'PLD', 'PRU', 'PEG', 'PTC', 'PSA', 'PHM', 'QRVO', 'PWR', 'QCOM', 'DGX', 'RL', 'RJF', 'RTX', 'O', 'REG', 'REGN', 'RF', 'RSG', 'RMD', 'RVTY', 'ROK', 'ROL', 'ROP', 'ROST', 'RCL', 'SPGI', 'CRM', 'SBAC', 'SLB', 'STX', 'SRE', 'NOW', 'SHW', 'SPG', 'SWKS', 'SJM', 'SW', 'SNA', 'SOLV', 'SO', 'LUV', 'SWK', 'SBUX', 'STT', 'STLD', 'STE', 'SYK', 'SMCI', 'SYF', 'SNPS', 'SYY', 'TMUS', 'TROW', 'TTWO', 'TPR', 'TRGP', 'TGT', 'TEL', 'TDY', 'TFX', 'TER', 'TSLA', 'TXN', 'TXT', 'TMO', 'TJX', 'TSCO', 'TT', 'TDG', 'TRV', 'TRMB', 'TFC', 'TYL', 'TSN', 'USB', 'UBER', 'UDR', 'ULTA', 'UNP', 'UAL', 'UPS', 'URI', 'UNH', 'UHS', 'VLO', 'VTR', 'VLTO', 'VRSN', 'VRSK', 'VZ', 'VRTX', 'VTRS', 'VICI', 'V', 'VST', 'VMC', 'WRB', 'GWW', 'WAB', 'WBA', 'WMT', 'DIS', 'WBD', 'WM', 'WAT', 'WEC', 'WFC', 'WELL', 'WST', 'WDC', 'WY', 'WMB', 'WTW', 'WYNN', 'XEL', 'XYL', 'YUM', 'ZBRA', 'ZBH', 'ZTS']
2024-11-15 01:27:33,483 - src.data_ingestion.fetch_data - INFO - Historical data saved to C:\Users\karal\PycharmProjects\Athena-Prototype\data\raw\historical_data_2020-01-01_2023-12-31.csv
2024-11-15 01:27:35,825 - src.data_ingestion.fetch_data - INFO - Raw data saved to C:\Users\karal\PycharmProjects\Athena-Prototype\data\raw\stock_prices_raw.csv
2024-11-15 01:27:36,233 - src.data_ingestion.fetch_data - INFO - Raw data loaded from C:\Users\karal\PycharmProjects\Athena-Prototype\data\raw\stock_prices_raw.csv
2024-11-15 01:27:36,235 - __main__ - INFO - Step 2: Data Preprocessing
2024-11-15 01:27:36,235 - src.data_ingestion.preprocess - INFO - Cleaning stock data.
2024-11-15 01:27:36,249 - src.data_ingestion.preprocess - INFO - Stock data cleaned.
2024-11-15 01:27:36,367 - src.data_ingestion.preprocess - INFO - Processed data saved to C:\Users\karal\PycharmProjects\Athena-Prototype\data\processed\stock_prices_cleaned.csv
2024-11-15 01:27:36,367 - __main__ - INFO - Step 3: Feature Engineering
2024-11-15 01:27:36,369 - src.feature_engineering.risk_indicators - INFO - Calculating daily returns.
2024-11-15 01:27:36,599 - src.feature_engineering.risk_indicators - INFO - Daily returns calculated.
2024-11-15 01:27:36,599 - __main__ - INFO - Step 4: Portfolio Optimization
2024-11-15 01:27:36,600 - src.models.optimization - INFO - Starting portfolio optimization.
2024-11-15 01:28:21,837 - src.models.optimization - INFO - Portfolio optimization successful.
2024-11-15 01:28:21,837 - __main__ - INFO - Step 5: Display and Save Portfolio Allocation
2024-11-15 01:28:21,838 - src.evaluation.backtesting - INFO - 
Optimal Portfolio Allocation:
2024-11-15 01:28:21,838 - src.evaluation.backtesting - INFO -     Ticker        Weight
0        A  8.606311e-18
1     AAPL  3.725050e-02
2     ABBV  6.274156e-18
3     ABNB  0.000000e+00
4      ABT  5.587919e-02
..     ...           ...
491    XYL  0.000000e+00
492    YUM  0.000000e+00
493    ZBH  9.182679e-19
494   ZBRA  7.364706e-19
495    ZTS  0.000000e+00

[496 rows x 2 columns]
2024-11-15 01:28:22,594 - src.evaluation.backtesting - INFO - Portfolio allocation saved to data/processed/optimized_portfolio.xlsx
2024-11-15 01:28:22,594 - __main__ - INFO - Step 6: Calculate and Save Risk Metrics
2024-11-15 01:28:22,594 - src.evaluation.backtesting - INFO - Calculating risk metrics for the portfolio.
2024-11-15 01:28:22,595 - src.feature_engineering.risk_indicators - INFO - Calculating Value at Risk (VaR) at 95.0% confidence level.
2024-11-15 01:28:22,596 - src.feature_engineering.risk_indicators - INFO - VaR calculated: -0.0031
2024-11-15 01:28:22,596 - src.feature_engineering.risk_indicators - INFO - Calculating Max Drawdown.
2024-11-15 01:28:22,597 - src.feature_engineering.risk_indicators - INFO - Max Drawdown calculated: -0.0113
2024-11-15 01:28:22,597 - src.feature_engineering.risk_indicators - INFO - Calculating Sharpe Ratio.
2024-11-15 01:28:22,598 - src.feature_engineering.risk_indicators - INFO - Sharpe Ratio calculated: 7.0648
2024-11-15 01:28:22,598 - src.evaluation.backtesting - INFO - Value at Risk (VaR): -0.0031
2024-11-15 01:28:22,598 - src.evaluation.backtesting - INFO - Max Drawdown: -0.0113
2024-11-15 01:28:22,598 - src.evaluation.backtesting - INFO - Sharpe Ratio: 7.0648
2024-11-15 01:28:22,776 - src.evaluation.backtesting - INFO - Risk metrics saved to data/processed/optimized_portfolio.xlsx
2024-11-15 01:28:22,777 - __main__ - INFO - Robo Advisor run completed successfully.
2024-11-15 01:53:27,390 - src.data_ingestion.fetch_data - INFO - Fetching S&P 500 tickers from https://en.wikipedia.org/wiki/List_of_S%26P_500_companies
2024-11-15 01:53:29,846 - src.data_ingestion.fetch_data - INFO - Retrieved 503 S&P 500 tickers from Wikipedia.
2024-11-15 01:55:09,768 - src.data_ingestion.fetch_data - INFO - Fetching S&P 500 tickers from https://en.wikipedia.org/wiki/List_of_S%26P_500_companies
2024-11-15 01:55:11,930 - src.data_ingestion.fetch_data - INFO - Retrieved 503 S&P 500 tickers from Wikipedia.
2024-11-15 01:55:11,931 - __main__ - INFO - Step 1: Data Ingestion
2024-11-15 01:57:42,084 - src.data_ingestion.fetch_data - INFO - Fetching S&P 500 tickers from https://en.wikipedia.org/wiki/List_of_S%26P_500_companies
2024-11-15 01:57:44,345 - src.data_ingestion.fetch_data - INFO - Retrieved 503 S&P 500 tickers from Wikipedia.
2024-11-15 01:57:44,346 - __main__ - INFO - Step 1: Data Ingestion
2024-11-15 01:57:44,347 - src.data_ingestion.fetch_data - INFO - Loading historical data from C:\Users\karal\PycharmProjects\Athena-Prototype\data\raw\historical_data_2020-01-01_2023-12-31.csv
2024-11-15 01:57:46,616 - src.data_ingestion.fetch_data - INFO - Raw data saved to C:\Users\karal\PycharmProjects\Athena-Prototype\data\raw\stock_prices_raw.csv
2024-11-15 01:57:46,986 - src.data_ingestion.fetch_data - INFO - Raw data loaded from C:\Users\karal\PycharmProjects\Athena-Prototype\data\raw\stock_prices_raw.csv
2024-11-15 01:57:46,987 - __main__ - INFO - Step 2: Data Preprocessing
2024-11-15 01:57:46,987 - src.data_ingestion.preprocess - INFO - Cleaning stock data.
2024-11-15 01:57:47,007 - src.data_ingestion.preprocess - INFO - Stock data cleaned.
2024-11-15 01:57:47,113 - src.data_ingestion.preprocess - INFO - Processed data saved to C:\Users\karal\PycharmProjects\Athena-Prototype\data\processed\stock_prices_cleaned.csv
2024-11-15 01:57:47,113 - __main__ - INFO - Step 3: Feature Engineering
2024-11-15 01:57:47,115 - src.feature_engineering.risk_indicators - INFO - Calculating daily returns.
2024-11-15 01:57:47,225 - src.feature_engineering.risk_indicators - INFO - Daily returns calculated.
2024-11-15 01:57:47,225 - __main__ - INFO - Step 4: Portfolio Optimization
2024-11-15 01:57:47,225 - src.models.optimization - INFO - Starting portfolio optimization.
2024-11-15 01:58:32,416 - src.models.optimization - INFO - Portfolio optimization successful.
2024-11-15 01:58:32,417 - __main__ - INFO - Step 5: Display and Save Portfolio Allocation
2024-11-15 01:58:32,419 - src.evaluation.backtesting - INFO - 
Optimal Portfolio Allocation:
2024-11-15 01:58:32,419 - src.evaluation.backtesting - INFO -     Ticker        Weight
0        A  1.288172e-17
1     AAPL  3.725050e-02
2     ABBV  2.608011e-17
3     ABNB  0.000000e+00
4      ABT  5.587919e-02
..     ...           ...
491    XYL  5.888341e-19
492    YUM  5.769790e-18
493    ZBH  1.198592e-17
494   ZBRA  7.574389e-18
495    ZTS  0.000000e+00

[496 rows x 2 columns]
2024-11-15 01:58:33,256 - src.evaluation.backtesting - INFO - Portfolio allocation saved to data/processed/optimized_portfolio.xlsx
2024-11-15 01:58:33,256 - __main__ - INFO - Step 6: Calculate and Save Risk Metrics
2024-11-15 01:58:33,256 - src.evaluation.backtesting - INFO - Calculating risk metrics for the portfolio.
2024-11-15 01:58:33,257 - src.feature_engineering.risk_indicators - INFO - Calculating Value at Risk (VaR) at 95.0% confidence level.
2024-11-15 01:58:33,262 - src.feature_engineering.risk_indicators - INFO - VaR calculated: -0.0031
2024-11-15 01:58:33,263 - src.feature_engineering.risk_indicators - INFO - Calculating Max Drawdown.
2024-11-15 01:58:33,264 - src.feature_engineering.risk_indicators - INFO - Max Drawdown calculated: -0.0113
2024-11-15 01:58:33,264 - src.feature_engineering.risk_indicators - INFO - Calculating Sharpe Ratio.
2024-11-15 01:58:33,265 - src.feature_engineering.risk_indicators - INFO - Sharpe Ratio calculated: 7.0648
2024-11-15 01:58:33,265 - src.evaluation.backtesting - INFO - Value at Risk (VaR): -0.0031
2024-11-15 01:58:33,265 - src.evaluation.backtesting - INFO - Max Drawdown: -0.0113
2024-11-15 01:58:33,265 - src.evaluation.backtesting - INFO - Sharpe Ratio: 7.0648
2024-11-15 01:58:33,493 - src.evaluation.backtesting - INFO - Risk metrics saved to data/processed/optimized_portfolio.xlsx
2024-11-15 01:58:33,493 - __main__ - INFO - Robo Advisor run completed successfully.
2024-11-15 03:14:07,857 - src.data_ingestion.fetch_data - INFO - Fetching S&P 500 tickers from https://en.wikipedia.org/wiki/List_of_S%26P_500_companies
2024-11-15 03:14:12,068 - src.data_ingestion.fetch_data - INFO - Retrieved 503 S&P 500 tickers from Wikipedia.
2024-11-15 03:14:12,071 - __main__ - INFO - Step 1: Data Ingestion
2024-11-15 03:14:12,073 - src.data_ingestion.fetch_data - INFO - Loading historical data from C:\Users\karal\PycharmProjects\Athena-Prototype\data\raw\historical_data_2020-01-01_2023-12-31.csv
2024-11-15 03:14:16,322 - src.data_ingestion.fetch_data - INFO - Raw data saved to C:\Users\karal\PycharmProjects\Athena-Prototype\data\raw\stock_prices_raw.csv
2024-11-15 03:14:16,918 - src.data_ingestion.fetch_data - INFO - Raw data loaded from C:\Users\karal\PycharmProjects\Athena-Prototype\data\raw\stock_prices_raw.csv
2024-11-15 03:14:16,919 - __main__ - INFO - Step 2: Data Preprocessing
2024-11-15 03:14:16,919 - src.data_ingestion.preprocess - INFO - Cleaning stock data.
2024-11-15 03:14:16,942 - src.data_ingestion.preprocess - INFO - Stock data cleaned.
2024-11-15 03:14:17,228 - src.data_ingestion.preprocess - INFO - Processed data saved to C:\Users\karal\PycharmProjects\Athena-Prototype\data\processed\stock_prices_cleaned.csv
2024-11-15 03:14:17,228 - __main__ - INFO - Step 3: Feature Engineering
2024-11-15 03:14:17,230 - src.feature_engineering.risk_indicators - INFO - Calculating daily returns.
2024-11-15 03:14:17,486 - src.feature_engineering.risk_indicators - INFO - Daily returns calculated.
2024-11-15 03:14:17,486 - __main__ - INFO - Step 4: Portfolio Optimization
2024-11-15 03:14:17,486 - src.models.optimization - INFO - Starting portfolio optimization.
2024-11-15 03:14:17,513 - src.models.optimization - INFO - Objective: Maximize Sharpe ratio.
2024-11-15 03:14:21,168 - src.models.optimization - INFO - Portfolio optimization successful.
2024-11-15 03:14:21,180 - __main__ - INFO - Step 5: Display and Save Portfolio Allocation
2024-11-15 03:14:21,182 - src.evaluation.backtesting - INFO - 
Optimal Portfolio Allocation:
2024-11-15 03:14:21,182 - src.evaluation.backtesting - INFO -     Ticker        Weight
0        A  0.000000e+00
1     AAPL  6.005047e-12
2     ABBV  6.378931e-12
3     ABNB  0.000000e+00
4      ABT  6.449496e-12
..     ...           ...
491    XYL  6.721585e-13
492    YUM  3.766350e-12
493    ZBH  2.946339e-12
494   ZBRA  0.000000e+00
495    ZTS  0.000000e+00

[496 rows x 2 columns]
2024-11-15 03:14:22,261 - src.evaluation.backtesting - INFO - Portfolio allocation saved to C:\Users\karal\PycharmProjects\Athena-Prototype\data/processed/optimized_portfolio.xlsx
2024-11-15 03:14:22,261 - __main__ - INFO - Step 6: Calculate and Save Risk Metrics
2024-11-15 03:14:22,261 - src.evaluation.backtesting - INFO - Calculating risk metrics for the portfolio.
2024-11-15 03:14:22,262 - src.feature_engineering.risk_indicators - INFO - Calculating Value at Risk (VaR) at 95.0% confidence level.
2024-11-15 03:14:22,266 - src.feature_engineering.risk_indicators - INFO - VaR calculated: -0.0546
2024-11-15 03:14:22,267 - src.feature_engineering.risk_indicators - INFO - Calculating Max Drawdown.
2024-11-15 03:14:22,268 - src.feature_engineering.risk_indicators - INFO - Max Drawdown calculated: -0.4154
2024-11-15 03:14:22,268 - src.feature_engineering.risk_indicators - INFO - Calculating Sharpe Ratio.
2024-11-15 03:14:22,269 - src.feature_engineering.risk_indicators - INFO - Sharpe Ratio calculated: 0.9848
2024-11-15 03:14:22,269 - src.evaluation.backtesting - INFO - Value at Risk (VaR): -0.0546
2024-11-15 03:14:22,269 - src.evaluation.backtesting - INFO - Max Drawdown: -0.4154
2024-11-15 03:14:22,269 - src.evaluation.backtesting - INFO - Sharpe Ratio: 0.9848
2024-11-15 03:14:22,463 - src.evaluation.backtesting - INFO - Risk metrics saved to C:\Users\karal\PycharmProjects\Athena-Prototype\data/processed/optimized_portfolio.xlsx
2024-11-15 03:14:22,464 - __main__ - INFO - Robo Advisor run completed successfully.
2024-11-15 03:18:08,788 - src.data_ingestion.fetch_data - INFO - Fetching S&P 500 tickers from https://en.wikipedia.org/wiki/List_of_S%26P_500_companies
2024-11-15 03:18:10,770 - src.data_ingestion.fetch_data - INFO - Retrieved 503 S&P 500 tickers from Wikipedia.
2024-11-15 03:18:10,772 - __main__ - INFO - Step 1: Data Ingestion
2024-11-15 03:18:10,773 - src.data_ingestion.fetch_data - INFO - Loading historical data from C:\Users\karal\PycharmProjects\Athena-Prototype\data\raw\historical_data_2020-01-01_2023-12-31.csv
2024-11-15 03:18:12,800 - src.data_ingestion.fetch_data - INFO - Raw data saved to C:\Users\karal\PycharmProjects\Athena-Prototype\data\raw\stock_prices_raw.csv
2024-11-15 03:18:13,116 - src.data_ingestion.fetch_data - INFO - Raw data loaded from C:\Users\karal\PycharmProjects\Athena-Prototype\data\raw\stock_prices_raw.csv
2024-11-15 03:18:13,117 - __main__ - INFO - Step 2: Data Preprocessing
2024-11-15 03:18:13,117 - src.data_ingestion.preprocess - INFO - Cleaning stock data.
2024-11-15 03:18:13,135 - src.data_ingestion.preprocess - INFO - Stock data cleaned.
2024-11-15 03:18:13,273 - src.data_ingestion.preprocess - INFO - Processed data saved to C:\Users\karal\PycharmProjects\Athena-Prototype\data\processed\stock_prices_cleaned.csv
2024-11-15 03:18:13,274 - __main__ - INFO - Step 3: Feature Engineering
2024-11-15 03:18:13,276 - src.feature_engineering.risk_indicators - INFO - Calculating daily returns.
2024-11-15 03:18:13,397 - src.feature_engineering.risk_indicators - INFO - Daily returns calculated.
2024-11-15 03:18:13,397 - __main__ - INFO - Step 4: Portfolio Optimization
2024-11-15 03:18:13,397 - src.models.optimization - INFO - Starting portfolio optimization.
2024-11-15 03:18:13,411 - src.models.optimization - INFO - Objective: Maximize Sharpe ratio.
2024-11-15 03:18:15,984 - src.models.optimization - INFO - Portfolio optimization successful.
2024-11-15 03:18:15,989 - __main__ - INFO - Step 5: Display and Save Portfolio Allocation
2024-11-15 03:18:15,990 - src.evaluation.backtesting - INFO - 
Optimal Portfolio Allocation:
2024-11-15 03:18:15,990 - src.evaluation.backtesting - INFO -     Ticker  Weight
0        A     0.0
1     AAPL     0.0
2     ABBV     0.0
3     ABNB     0.0
4      ABT     0.0
..     ...     ...
491    XYL     0.0
492    YUM     0.0
493    ZBH     0.0
494   ZBRA     0.0
495    ZTS     0.0

[496 rows x 2 columns]
2024-11-15 03:19:18,862 - src.data_ingestion.fetch_data - INFO - Fetching S&P 500 tickers from https://en.wikipedia.org/wiki/List_of_S%26P_500_companies
2024-11-15 03:19:21,482 - src.data_ingestion.fetch_data - INFO - Retrieved 503 S&P 500 tickers from Wikipedia.
2024-11-15 03:19:21,482 - __main__ - INFO - Step 1: Data Ingestion
2024-11-15 03:19:21,483 - src.data_ingestion.fetch_data - INFO - Loading historical data from C:\Users\karal\PycharmProjects\Athena-Prototype\data\raw\historical_data_2020-01-01_2023-12-31.csv
2024-11-15 03:19:23,658 - src.data_ingestion.fetch_data - INFO - Raw data saved to C:\Users\karal\PycharmProjects\Athena-Prototype\data\raw\stock_prices_raw.csv
2024-11-15 03:19:24,035 - src.data_ingestion.fetch_data - INFO - Raw data loaded from C:\Users\karal\PycharmProjects\Athena-Prototype\data\raw\stock_prices_raw.csv
2024-11-15 03:19:24,036 - __main__ - INFO - Step 2: Data Preprocessing
2024-11-15 03:19:24,037 - src.data_ingestion.preprocess - INFO - Cleaning stock data.
2024-11-15 03:19:24,055 - src.data_ingestion.preprocess - INFO - Stock data cleaned.
2024-11-15 03:19:24,162 - src.data_ingestion.preprocess - INFO - Processed data saved to C:\Users\karal\PycharmProjects\Athena-Prototype\data\processed\stock_prices_cleaned.csv
2024-11-15 03:19:24,162 - __main__ - INFO - Step 3: Feature Engineering
2024-11-15 03:19:24,164 - src.feature_engineering.risk_indicators - INFO - Calculating daily returns.
2024-11-15 03:19:24,277 - src.feature_engineering.risk_indicators - INFO - Daily returns calculated.
2024-11-15 03:19:24,278 - __main__ - INFO - Step 4: Portfolio Optimization
2024-11-15 03:19:24,278 - src.models.optimization - INFO - Starting portfolio optimization.
2024-11-15 03:19:24,293 - src.models.optimization - INFO - Objective: Minimize risk (standard deviation).
2024-11-15 03:20:07,783 - src.models.optimization - INFO - Portfolio optimization successful.
2024-11-15 03:20:07,793 - __main__ - INFO - Step 5: Display and Save Portfolio Allocation
2024-11-15 03:20:07,795 - src.evaluation.backtesting - INFO - 
Optimal Portfolio Allocation:
2024-11-15 03:20:07,795 - src.evaluation.backtesting - INFO -     Ticker    Weight
0        A  0.000000
1     AAPL  0.037251
2     ABBV  0.000000
3     ABNB  0.000000
4      ABT  0.055879
..     ...       ...
491    XYL  0.000000
492    YUM  0.000000
493    ZBH  0.000000
494   ZBRA  0.000000
495    ZTS  0.000000

[496 rows x 2 columns]
2024-11-15 03:20:08,682 - src.evaluation.backtesting - INFO - Portfolio allocation saved to C:\Users\karal\PycharmProjects\Athena-Prototype\data/processed/optimized_portfolio.xlsx
2024-11-15 03:20:08,683 - __main__ - INFO - Step 6: Calculate and Save Risk Metrics
2024-11-15 03:20:08,683 - src.evaluation.backtesting - INFO - Calculating risk metrics for the portfolio.
2024-11-15 03:20:08,684 - src.feature_engineering.risk_indicators - INFO - Calculating Value at Risk (VaR) at 95.0% confidence level.
2024-11-15 03:20:08,689 - src.feature_engineering.risk_indicators - INFO - VaR calculated: -0.0031
2024-11-15 03:20:08,690 - src.feature_engineering.risk_indicators - INFO - Calculating Max Drawdown.
2024-11-15 03:20:08,691 - src.feature_engineering.risk_indicators - INFO - Max Drawdown calculated: -0.0113
2024-11-15 03:20:08,692 - src.feature_engineering.risk_indicators - INFO - Calculating Sharpe Ratio.
2024-11-15 03:20:08,693 - src.feature_engineering.risk_indicators - INFO - Sharpe Ratio calculated: 7.0648
2024-11-15 03:20:08,693 - src.evaluation.backtesting - INFO - Value at Risk (VaR): -0.0031
2024-11-15 03:20:08,694 - src.evaluation.backtesting - INFO - Max Drawdown: -0.0113
2024-11-15 03:20:08,694 - src.evaluation.backtesting - INFO - Sharpe Ratio: 7.0648
2024-11-15 03:20:08,886 - src.evaluation.backtesting - INFO - Risk metrics saved to C:\Users\karal\PycharmProjects\Athena-Prototype\data/processed/optimized_portfolio.xlsx
2024-11-15 03:20:08,886 - __main__ - INFO - Robo Advisor run completed successfully.
2024-11-15 03:38:12,984 - src.data_ingestion.fetch_data - INFO - Fetching S&P 500 tickers from https://en.wikipedia.org/wiki/List_of_S%26P_500_companies
2024-11-15 03:38:14,999 - src.data_ingestion.fetch_data - INFO - Retrieved 503 S&P 500 tickers from Wikipedia.
2024-11-15 03:38:15,001 - __main__ - INFO - Step 1: Data Ingestion
2024-11-15 03:38:15,002 - src.data_ingestion.fetch_data - INFO - Loading historical data from C:\Users\karal\PycharmProjects\Athena-Prototype\data\raw\historical_data_2020-01-01_2023-12-31.csv
2024-11-15 03:38:16,989 - src.data_ingestion.fetch_data - INFO - Raw data saved to C:\Users\karal\PycharmProjects\Athena-Prototype\data\raw\stock_prices_raw.csv
2024-11-15 03:38:17,269 - src.data_ingestion.fetch_data - INFO - Raw data loaded from C:\Users\karal\PycharmProjects\Athena-Prototype\data\raw\stock_prices_raw.csv
2024-11-15 03:38:17,270 - __main__ - INFO - Step 2: Data Preprocessing
2024-11-15 03:38:17,270 - src.data_ingestion.preprocess - INFO - Cleaning stock data.
2024-11-15 03:38:17,281 - src.data_ingestion.preprocess - INFO - Stocks retained after applying coverage threshold of 0.5: 492
2024-11-15 03:38:17,320 - src.data_ingestion.preprocess - INFO - Stock data cleaned. Final shape: (1006, 493)
2024-11-15 03:38:19,333 - src.data_ingestion.preprocess - INFO - Processed data saved to C:\Users\karal\PycharmProjects\Athena-Prototype\data\processed\stock_prices_cleaned.csv
2024-11-15 03:38:19,334 - __main__ - INFO - Step 3: Feature Engineering
2024-11-15 03:38:19,339 - src.feature_engineering.risk_indicators - INFO - Calculating daily returns.
2024-11-15 03:38:19,515 - src.feature_engineering.risk_indicators - INFO - Daily returns calculated.
2024-11-15 03:38:19,516 - __main__ - INFO - Step 4: Portfolio Optimization
2024-11-15 03:38:19,516 - src.models.optimization - INFO - Starting portfolio optimization.
2024-11-15 03:38:19,556 - src.models.optimization - INFO - Objective: Minimize risk (standard deviation).
2024-11-15 03:38:43,532 - src.models.optimization - INFO - Portfolio optimization successful.
2024-11-15 03:38:43,537 - __main__ - INFO - Step 5: Display and Save Portfolio Allocation
2024-11-15 03:38:43,538 - src.evaluation.backtesting - INFO - 
Optimal Portfolio Allocation:
2024-11-15 03:38:43,538 - src.evaluation.backtesting - INFO -     Ticker    Weight
0        A  0.000000
1     AAPL  0.000000
2     ABBV  0.035674
3     ABNB  0.045770
4      ABT  0.000000
..     ...       ...
487    XYL  0.000000
488    YUM  0.000000
489    ZBH  0.000000
490   ZBRA  0.000000
491    ZTS  0.000000

[492 rows x 2 columns]
2024-11-15 03:38:44,590 - src.evaluation.backtesting - INFO - Portfolio allocation saved to C:\Users\karal\PycharmProjects\Athena-Prototype\data/processed/optimized_portfolio.xlsx
2024-11-15 03:38:44,590 - __main__ - INFO - Step 6: Calculate and Save Risk Metrics
2024-11-15 03:38:44,591 - src.evaluation.backtesting - INFO - Calculating risk metrics for the portfolio.
2024-11-15 03:38:44,592 - src.feature_engineering.risk_indicators - INFO - Calculating Value at Risk (VaR) at 95.0% confidence level.
2024-11-15 03:38:44,595 - src.feature_engineering.risk_indicators - INFO - VaR calculated: -0.0129
2024-11-15 03:38:44,596 - src.feature_engineering.risk_indicators - INFO - Calculating Max Drawdown.
2024-11-15 03:38:44,597 - src.feature_engineering.risk_indicators - INFO - Max Drawdown calculated: -0.1496
2024-11-15 03:38:44,597 - src.feature_engineering.risk_indicators - INFO - Calculating Sharpe Ratio.
2024-11-15 03:38:44,598 - src.feature_engineering.risk_indicators - INFO - Sharpe Ratio calculated: 0.3647
2024-11-15 03:38:44,598 - src.evaluation.backtesting - INFO - Value at Risk (VaR): -0.0129
2024-11-15 03:38:44,599 - src.evaluation.backtesting - INFO - Max Drawdown: -0.1496
2024-11-15 03:38:44,599 - src.evaluation.backtesting - INFO - Sharpe Ratio: 0.3647
2024-11-15 03:38:44,814 - src.evaluation.backtesting - INFO - Risk metrics saved to C:\Users\karal\PycharmProjects\Athena-Prototype\data/processed/optimized_portfolio.xlsx
2024-11-15 03:38:44,815 - __main__ - INFO - Robo Advisor run completed successfully.
2024-11-15 20:49:32,565 - src.data_ingestion.fetch_data - INFO - Fetching S&P 500 tickers from https://en.wikipedia.org/wiki/List_of_S%26P_500_companies
2024-11-15 20:49:37,139 - src.data_ingestion.fetch_data - INFO - Retrieved 503 S&P 500 tickers from Wikipedia.
2024-11-15 20:49:37,141 - __main__ - INFO - Step 1: Data Ingestion
2024-11-15 20:49:37,142 - src.data_ingestion.fetch_data - INFO - Loading historical data from C:\Users\karal\PycharmProjects\Athena-Prototype\data\raw\historical_data_2020-01-01_2023-12-31.csv
2024-11-15 20:49:40,822 - src.data_ingestion.fetch_data - INFO - Raw data saved to C:\Users\karal\PycharmProjects\Athena-Prototype\data\raw\stock_prices_raw.csv
2024-11-15 20:49:41,356 - src.data_ingestion.fetch_data - INFO - Raw data loaded from C:\Users\karal\PycharmProjects\Athena-Prototype\data\raw\stock_prices_raw.csv
2024-11-15 20:49:41,357 - __main__ - INFO - Step 2: Data Preprocessing
2024-11-15 20:49:41,358 - src.data_ingestion.preprocess - INFO - Cleaning stock data.
2024-11-15 20:49:41,376 - src.data_ingestion.preprocess - INFO - Stocks retained after applying coverage threshold of 0.5: 492
2024-11-15 20:49:41,441 - src.data_ingestion.preprocess - INFO - Stock data cleaned. Final shape: (1006, 493)
2024-11-15 20:49:44,307 - src.data_ingestion.preprocess - INFO - Processed data saved to C:\Users\karal\PycharmProjects\Athena-Prototype\data\processed\stock_prices_cleaned.csv
2024-11-15 20:49:44,307 - __main__ - INFO - Step 3: Feature Engineering
2024-11-15 20:49:44,315 - src.feature_engineering.risk_indicators - INFO - Calculating daily returns.
2024-11-15 20:49:44,612 - src.feature_engineering.risk_indicators - INFO - Daily returns calculated.
2024-11-15 20:49:44,613 - __main__ - INFO - Step 4: Portfolio Optimization
2024-11-15 20:49:44,614 - src.models.optimization - INFO - Starting portfolio optimization.
2024-11-15 20:49:44,707 - src.models.optimization - INFO - Objective: Minimize risk (standard deviation).
2024-11-15 20:50:27,348 - src.models.optimization - INFO - Portfolio optimization successful.
2024-11-15 20:50:27,360 - __main__ - INFO - Step 5: Display and Save Portfolio Allocation
2024-11-15 20:50:27,362 - src.evaluation.backtesting - INFO - 
Optimal Portfolio Allocation:
2024-11-15 20:50:27,362 - src.evaluation.backtesting - INFO -     Ticker    Weight
0        A  0.000000
1     AAPL  0.000000
2     ABBV  0.035674
3     ABNB  0.045770
4      ABT  0.000000
..     ...       ...
487    XYL  0.000000
488    YUM  0.000000
489    ZBH  0.000000
490   ZBRA  0.000000
491    ZTS  0.000000

[492 rows x 2 columns]
2024-11-15 20:50:28,699 - src.evaluation.backtesting - INFO - Portfolio allocation saved to C:\Users\karal\PycharmProjects\Athena-Prototype\data/processed/optimized_portfolio.xlsx
2024-11-15 20:50:28,699 - __main__ - INFO - Step 6: Calculate and Save Risk Metrics
2024-11-15 20:50:28,700 - src.evaluation.backtesting - INFO - Calculating risk metrics for the portfolio.
2024-11-15 20:50:28,702 - src.feature_engineering.risk_indicators - INFO - Calculating Value at Risk (VaR) at 95.0% confidence level.
2024-11-15 20:50:28,707 - src.feature_engineering.risk_indicators - INFO - VaR calculated: -0.0129
2024-11-15 20:50:28,708 - src.feature_engineering.risk_indicators - INFO - Calculating Max Drawdown.
2024-11-15 20:50:28,710 - src.feature_engineering.risk_indicators - INFO - Max Drawdown calculated: -0.1496
2024-11-15 20:50:28,711 - src.feature_engineering.risk_indicators - INFO - Calculating Sharpe Ratio.
2024-11-15 20:50:28,712 - src.feature_engineering.risk_indicators - INFO - Sharpe Ratio calculated: 0.3647
2024-11-15 20:50:28,712 - src.evaluation.backtesting - INFO - Value at Risk (VaR): -0.0129
2024-11-15 20:50:28,712 - src.evaluation.backtesting - INFO - Max Drawdown: -0.1496
2024-11-15 20:50:28,712 - src.evaluation.backtesting - INFO - Sharpe Ratio: 0.3647
2024-11-15 20:50:29,040 - src.evaluation.backtesting - INFO - Risk metrics saved to C:\Users\karal\PycharmProjects\Athena-Prototype\data/processed/optimized_portfolio.xlsx
2024-11-15 20:50:29,040 - __main__ - INFO - Robo Advisor run completed successfully.
2024-11-15 21:18:54,722 - src.data_ingestion.fetch_data - INFO - Fetching S&P 500 tickers from https://en.wikipedia.org/wiki/List_of_S%26P_500_companies
2024-11-15 21:18:57,553 - src.data_ingestion.fetch_data - INFO - Retrieved 503 S&P 500 tickers from Wikipedia.
2024-11-15 21:18:57,554 - __main__ - INFO - Step 1: Data Ingestion
2024-11-15 21:18:57,555 - src.data_ingestion.fetch_data - INFO - Loading historical data from C:\Users\karal\PycharmProjects\Athena-Prototype\data\raw\historical_data_2020-01-01_2023-12-31.csv
2024-11-15 21:19:00,293 - src.data_ingestion.fetch_data - INFO - Raw data saved to C:\Users\karal\PycharmProjects\Athena-Prototype\data\raw\stock_prices_raw.csv
2024-11-15 21:19:00,737 - src.data_ingestion.fetch_data - INFO - Raw data loaded from C:\Users\karal\PycharmProjects\Athena-Prototype\data\raw\stock_prices_raw.csv
2024-11-15 21:19:00,738 - __main__ - INFO - Step 2: Data Preprocessing
2024-11-15 21:19:00,739 - src.data_ingestion.preprocess - INFO - Cleaning stock data.
2024-11-15 21:19:00,751 - src.data_ingestion.preprocess - INFO - Stocks retained after applying coverage threshold of 0.5: 492
2024-11-15 21:19:00,804 - src.data_ingestion.preprocess - INFO - Stock data cleaned. Final shape: (1006, 493)
2024-11-15 21:19:04,257 - src.data_ingestion.preprocess - INFO - Processed data saved to C:\Users\karal\PycharmProjects\Athena-Prototype\data\processed\stock_prices_cleaned.csv
2024-11-15 21:19:04,257 - __main__ - INFO - Step 3: Feature Engineering
2024-11-15 21:19:04,272 - src.feature_engineering.risk_indicators - INFO - Calculating daily returns.
2024-11-15 21:19:05,092 - src.feature_engineering.risk_indicators - INFO - Daily returns calculated.
2024-11-15 21:19:05,093 - __main__ - INFO - Step 4: Portfolio Optimization
2024-11-15 21:19:05,093 - src.models.optimization - INFO - Starting portfolio optimization.
2024-11-15 21:19:05,159 - src.models.optimization - INFO - Objective: Minimize risk (standard deviation).
2024-11-15 21:19:48,421 - src.models.optimization - INFO - Portfolio optimization successful.
2024-11-15 21:19:48,438 - __main__ - INFO - Step 5: Display and Save Portfolio Allocation
2024-11-15 21:19:48,439 - src.evaluation.backtesting - INFO - 
Optimal Portfolio Allocation:
2024-11-15 21:19:48,439 - src.evaluation.backtesting - INFO -     Ticker    Weight
0        A  0.000000
1     AAPL  0.000000
2     ABBV  0.035674
3     ABNB  0.045770
4      ABT  0.000000
..     ...       ...
487    XYL  0.000000
488    YUM  0.000000
489    ZBH  0.000000
490   ZBRA  0.000000
491    ZTS  0.000000

[492 rows x 2 columns]
